4/13/2021 5:38:56 PM	This log contains information about the import schema operation into project 'FsInfoCatDb' on computer 'DESKTOP-G10FC12' by user 'lerwi'.
4/13/2021 5:38:56 PM	Import of database schema has started.
4/13/2021 5:38:58 PM	Gathering logins
4/13/2021 5:39:06 PM	Gathering database credentials
4/13/2021 5:39:06 PM	Gathering database options
4/13/2021 5:39:06 PM	Gathering generic database scoped configuration option
4/13/2021 5:39:06 PM	Gathering users
4/13/2021 5:39:06 PM	Gathering roles
4/13/2021 5:39:06 PM	Gathering application roles
4/13/2021 5:39:06 PM	Gathering role memberships
4/13/2021 5:39:06 PM	Gathering filegroups
4/13/2021 5:39:06 PM	Gathering full-text catalogs
4/13/2021 5:39:06 PM	Gathering assemblies
4/13/2021 5:39:06 PM	Gathering certificates
4/13/2021 5:39:06 PM	Gathering symmetric keys
4/13/2021 5:39:06 PM	Gathering encrypted symmetric keys
4/13/2021 5:39:06 PM	Gathering schemas
4/13/2021 5:39:06 PM	Gathering XML schema collections
4/13/2021 5:39:06 PM	Gathering user-defined data types
4/13/2021 5:39:06 PM	Gathering user-defined types
4/13/2021 5:39:06 PM	Gathering table types
4/13/2021 5:39:06 PM	Gathering unique keys for table types
4/13/2021 5:39:06 PM	Gathering primary keys for table types
4/13/2021 5:39:06 PM	Gathering indexes for table types
4/13/2021 5:39:07 PM	Gathering check constraints for table types
4/13/2021 5:39:07 PM	Gathering default constraints for table types
4/13/2021 5:39:07 PM	Gathering partition functions
4/13/2021 5:39:07 PM	Gathering partition schemes
4/13/2021 5:39:07 PM	Gathering functions
4/13/2021 5:39:07 PM	Gathering encrypted functions
4/13/2021 5:39:07 PM	Gathering aggregates
4/13/2021 5:39:07 PM	Gathering procedures
4/13/2021 5:39:07 PM	Gathering encrypted procedures
4/13/2021 5:39:07 PM	Gathering tables
4/13/2021 5:39:07 PM	Gathering primary keys
4/13/2021 5:39:07 PM	Gathering unique constraints
4/13/2021 5:39:07 PM	Gathering foreign keys
4/13/2021 5:39:07 PM	Gathering default constraints
4/13/2021 5:39:07 PM	Gathering check constraints
4/13/2021 5:39:07 PM	Gathering views
4/13/2021 5:39:07 PM	Gathering encrypted views
4/13/2021 5:39:07 PM	Gathering indexes
4/13/2021 5:39:07 PM	Gathering statistics
4/13/2021 5:39:07 PM	Gathering full-text index stoplists
4/13/2021 5:39:07 PM	Gathering search property lists
4/13/2021 5:39:07 PM	Gathering search properties
4/13/2021 5:39:07 PM	Gathering full-text indexes
4/13/2021 5:39:07 PM	Gathering column store indexes
4/13/2021 5:39:07 PM	Gathering spatial indexes
4/13/2021 5:39:07 PM	Gathering XML indexes
4/13/2021 5:39:07 PM	Gathering Selective XML indexes
4/13/2021 5:39:07 PM	Gathering encrypted triggers
4/13/2021 5:39:07 PM	Gathering triggers
4/13/2021 5:39:07 PM	Gathering encrypted and clr ddl triggers
4/13/2021 5:39:07 PM	Gathering ddl triggers
4/13/2021 5:39:07 PM	Creating edge constraints
4/13/2021 5:39:07 PM	Gathering synonyms
4/13/2021 5:39:07 PM	Gathering defaults
4/13/2021 5:39:07 PM	Gathering data constraint uddt bindings
4/13/2021 5:39:07 PM	Gathering rules
4/13/2021 5:39:07 PM	Gathering data constraint uddt bindings
4/13/2021 5:39:07 PM	Gathering message types
4/13/2021 5:39:07 PM	Gathering queues
4/13/2021 5:39:07 PM	Gathering contracts
4/13/2021 5:39:07 PM	Gathering services
4/13/2021 5:39:07 PM	Gathering event notifications
4/13/2021 5:39:07 PM	Gathering remote service bindings
4/13/2021 5:39:07 PM	Gathering broker priorities
4/13/2021 5:39:07 PM	Gathering signatures
4/13/2021 5:39:07 PM	Gathering data compression options
4/13/2021 5:39:07 PM	Gathering sequence types
4/13/2021 5:39:07 PM	Gathering security policies
4/13/2021 5:39:07 PM	Gather column encryption keys
4/13/2021 5:39:07 PM	Gathering column master keys
4/13/2021 5:39:07 PM	Gathering external data sources
4/13/2021 5:39:07 PM	Gathering external tables
4/13/2021 5:39:07 PM	Gathering extended properties
4/13/2021 5:39:08 PM	Gathering logins
4/13/2021 5:39:08 PM	Scanning project for duplicate elements
4/13/2021 5:39:09 PM	Finished duplicate element processing
4/13/2021 5:39:09 PM	Finished importing database.
4/13/2021 5:39:09 PM	A summary of the import was saved to the following location: C:\Users\lerwi\Git\FsInfoCat\src\FsInfoCatDb\Import Schema Logs\FsInfoCatDb_20210413093856.log
4/13/2021 5:39:10 PM	Click Finish to continue...
